CRITICAL - 2021-08-04 13:17:02 --> Trying to access array offset on value of type null
#0 D:\xampp8.00\htdocs\standard_timehrm_fresh\app\Controllers\Erp\Tasks.php(1227): CodeIgniter\Debug\Exceptions->errorHandler(2, 'Trying to acces...', 'D:\\xampp8.00\\ht...', 1227)
#1 D:\xampp8.00\htdocs\standard_timehrm_fresh\system\CodeIgniter.php(928): App\Controllers\Erp\Tasks->client_task_status_chart()
#2 D:\xampp8.00\htdocs\standard_timehrm_fresh\system\CodeIgniter.php(436): CodeIgniter\CodeIgniter->runController(Object(App\Controllers\Erp\Tasks))
#3 D:\xampp8.00\htdocs\standard_timehrm_fresh\system\CodeIgniter.php(336): CodeIgniter\CodeIgniter->handleRequest(NULL, Object(Config\Cache), false)
#4 D:\xampp8.00\htdocs\standard_timehrm_fresh\index.php(45): CodeIgniter\CodeIgniter->run()
#5 {main}
CRITICAL - 2021-08-04 13:17:39 --> Trying to access array offset on value of type null
#0 D:\xampp8.00\htdocs\standard_timehrm_fresh\app\Controllers\Erp\Tasks.php(1227): CodeIgniter\Debug\Exceptions->errorHandler(2, 'Trying to acces...', 'D:\\xampp8.00\\ht...', 1227)
#1 D:\xampp8.00\htdocs\standard_timehrm_fresh\system\CodeIgniter.php(928): App\Controllers\Erp\Tasks->client_task_status_chart()
#2 D:\xampp8.00\htdocs\standard_timehrm_fresh\system\CodeIgniter.php(436): CodeIgniter\CodeIgniter->runController(Object(App\Controllers\Erp\Tasks))
#3 D:\xampp8.00\htdocs\standard_timehrm_fresh\system\CodeIgniter.php(336): CodeIgniter\CodeIgniter->handleRequest(NULL, Object(Config\Cache), false)
#4 D:\xampp8.00\htdocs\standard_timehrm_fresh\index.php(45): CodeIgniter\CodeIgniter->run()
#5 {main}
CRITICAL - 2021-08-04 13:17:53 --> Trying to access array offset on value of type null
#0 D:\xampp8.00\htdocs\standard_timehrm_fresh\app\Controllers\Erp\Tasks.php(1227): CodeIgniter\Debug\Exceptions->errorHandler(2, 'Trying to acces...', 'D:\\xampp8.00\\ht...', 1227)
#1 D:\xampp8.00\htdocs\standard_timehrm_fresh\system\CodeIgniter.php(928): App\Controllers\Erp\Tasks->client_task_status_chart()
#2 D:\xampp8.00\htdocs\standard_timehrm_fresh\system\CodeIgniter.php(436): CodeIgniter\CodeIgniter->runController(Object(App\Controllers\Erp\Tasks))
#3 D:\xampp8.00\htdocs\standard_timehrm_fresh\system\CodeIgniter.php(336): CodeIgniter\CodeIgniter->handleRequest(NULL, Object(Config\Cache), false)
#4 D:\xampp8.00\htdocs\standard_timehrm_fresh\index.php(45): CodeIgniter\CodeIgniter->run()
#5 {main}
CRITICAL - 2021-08-04 12:18:24 --> The action you requested is not allowed.
#0 D:\xampp8.00\htdocs\standard_timehrm_fresh\system\Security\Security.php(240): CodeIgniter\Security\Exceptions\SecurityException::forDisallowedAction()
#1 D:\xampp8.00\htdocs\standard_timehrm_fresh\system\Filters\CSRF.php(57): CodeIgniter\Security\Security->verify(Object(CodeIgniter\HTTP\IncomingRequest))
#2 D:\xampp8.00\htdocs\standard_timehrm_fresh\system\Filters\Filters.php(181): CodeIgniter\Filters\CSRF->before(Object(CodeIgniter\HTTP\IncomingRequest), NULL)
#3 D:\xampp8.00\htdocs\standard_timehrm_fresh\system\CodeIgniter.php(407): CodeIgniter\Filters\Filters->run('/erp/profile/la...', 'before')
#4 D:\xampp8.00\htdocs\standard_timehrm_fresh\system\CodeIgniter.php(336): CodeIgniter\CodeIgniter->handleRequest(NULL, Object(Config\Cache), false)
#5 D:\xampp8.00\htdocs\standard_timehrm_fresh\index.php(45): CodeIgniter\CodeIgniter->run()
#6 {main}
