CRITICAL - 2021-08-03 14:13:11 --> Trying to access array offset on value of type null
#0 D:\xampp8.00\htdocs\standard_timehrm_fresh\app\Controllers\Erp\Tasks.php(1227): CodeIgniter\Debug\Exceptions->errorHandler(2, 'Trying to acces...', 'D:\\xampp8.00\\ht...', 1227)
#1 D:\xampp8.00\htdocs\standard_timehrm_fresh\system\CodeIgniter.php(928): App\Controllers\Erp\Tasks->client_task_status_chart()
#2 D:\xampp8.00\htdocs\standard_timehrm_fresh\system\CodeIgniter.php(436): CodeIgniter\CodeIgniter->runController(Object(App\Controllers\Erp\Tasks))
#3 D:\xampp8.00\htdocs\standard_timehrm_fresh\system\CodeIgniter.php(336): CodeIgniter\CodeIgniter->handleRequest(NULL, Object(Config\Cache), false)
#4 D:\xampp8.00\htdocs\standard_timehrm_fresh\index.php(45): CodeIgniter\CodeIgniter->run()
#5 {main}
CRITICAL - 2021-08-03 13:24:44 --> fopen(D:\xampp8.00\htdocs\standard_timehrm_fresh\writable\session/ci_sessiond43tcm8ccov494mu0po9vhfnkb6ftvnk): Failed to open stream: Permission denied
#0 [internal function]: CodeIgniter\Debug\Exceptions->errorHandler(2, 'fopen(D:\\xampp8...', 'D:\\xampp8.00\\ht...', 153)
#1 D:\xampp8.00\htdocs\standard_timehrm_fresh\system\Session\Handlers\FileHandler.php(153): fopen('D:\\xampp8.00\\ht...', 'c+b')
#2 [internal function]: CodeIgniter\Session\Handlers\FileHandler->read('d43tcm8ccov494m...')
#3 D:\xampp8.00\htdocs\standard_timehrm_fresh\system\Session\Session.php(1001): session_start()
#4 D:\xampp8.00\htdocs\standard_timehrm_fresh\system\Session\Session.php(249): CodeIgniter\Session\Session->startSession()
#5 D:\xampp8.00\htdocs\standard_timehrm_fresh\system\Config\Services.php(736): CodeIgniter\Session\Session->start()
#6 D:\xampp8.00\htdocs\standard_timehrm_fresh\system\Config\BaseService.php(263): CodeIgniter\Config\Services::session(Object(Config\App), false)
#7 D:\xampp8.00\htdocs\standard_timehrm_fresh\system\Config\BaseService.php(192): CodeIgniter\Config\BaseService::__callStatic('session', Array)
#8 D:\xampp8.00\htdocs\standard_timehrm_fresh\system\Config\Services.php(721): CodeIgniter\Config\BaseService::getSharedInstance('session', NULL)
#9 D:\xampp8.00\htdocs\standard_timehrm_fresh\system\Config\BaseService.php(263): CodeIgniter\Config\Services::session()
#10 D:\xampp8.00\htdocs\standard_timehrm_fresh\app\Controllers\BaseController.php(38): CodeIgniter\Config\BaseService::__callStatic('session', Array)
#11 D:\xampp8.00\htdocs\standard_timehrm_fresh\system\CodeIgniter.php(901): App\Controllers\BaseController->initController(Object(CodeIgniter\HTTP\IncomingRequest), Object(CodeIgniter\HTTP\Response), Object(CodeIgniter\Log\Logger))
#12 D:\xampp8.00\htdocs\standard_timehrm_fresh\system\CodeIgniter.php(426): CodeIgniter\CodeIgniter->createController()
#13 D:\xampp8.00\htdocs\standard_timehrm_fresh\system\CodeIgniter.php(336): CodeIgniter\CodeIgniter->handleRequest(NULL, Object(Config\Cache), false)
#14 D:\xampp8.00\htdocs\standard_timehrm_fresh\index.php(45): CodeIgniter\CodeIgniter->run()
#15 {main}
CRITICAL - 2021-08-03 14:24:44 --> Trying to access array offset on value of type null
#0 D:\xampp8.00\htdocs\standard_timehrm_fresh\app\Controllers\Erp\Tasks.php(1227): CodeIgniter\Debug\Exceptions->errorHandler(2, 'Trying to acces...', 'D:\\xampp8.00\\ht...', 1227)
#1 D:\xampp8.00\htdocs\standard_timehrm_fresh\system\CodeIgniter.php(928): App\Controllers\Erp\Tasks->client_task_status_chart()
#2 D:\xampp8.00\htdocs\standard_timehrm_fresh\system\CodeIgniter.php(436): CodeIgniter\CodeIgniter->runController(Object(App\Controllers\Erp\Tasks))
#3 D:\xampp8.00\htdocs\standard_timehrm_fresh\system\CodeIgniter.php(336): CodeIgniter\CodeIgniter->handleRequest(NULL, Object(Config\Cache), false)
#4 D:\xampp8.00\htdocs\standard_timehrm_fresh\index.php(45): CodeIgniter\CodeIgniter->run()
#5 {main}
CRITICAL - 2021-08-03 13:24:44 --> filesize(): stat failed for D:\xampp8.00\htdocs\standard_timehrm_fresh\writable\session/ci_sessiond43tcm8ccov494mu0po9vhfnkb6ftvnk
#0 [internal function]: CodeIgniter\Debug\Exceptions->errorHandler(2, 'filesize(): sta...', 'D:\\xampp8.00\\ht...', 190)
#1 D:\xampp8.00\htdocs\standard_timehrm_fresh\system\Session\Handlers\FileHandler.php(190): filesize('D:\\xampp8.00\\ht...')
#2 [internal function]: CodeIgniter\Session\Handlers\FileHandler->read('d43tcm8ccov494m...')
#3 D:\xampp8.00\htdocs\standard_timehrm_fresh\system\Session\Session.php(1001): session_start()
#4 D:\xampp8.00\htdocs\standard_timehrm_fresh\system\Session\Session.php(249): CodeIgniter\Session\Session->startSession()
#5 D:\xampp8.00\htdocs\standard_timehrm_fresh\system\Config\Services.php(736): CodeIgniter\Session\Session->start()
#6 D:\xampp8.00\htdocs\standard_timehrm_fresh\system\Config\BaseService.php(263): CodeIgniter\Config\Services::session(Object(Config\App), false)
#7 D:\xampp8.00\htdocs\standard_timehrm_fresh\system\Config\BaseService.php(192): CodeIgniter\Config\BaseService::__callStatic('session', Array)
#8 D:\xampp8.00\htdocs\standard_timehrm_fresh\system\Config\Services.php(721): CodeIgniter\Config\BaseService::getSharedInstance('session', NULL)
#9 D:\xampp8.00\htdocs\standard_timehrm_fresh\system\Config\BaseService.php(263): CodeIgniter\Config\Services::session()
#10 D:\xampp8.00\htdocs\standard_timehrm_fresh\app\Controllers\BaseController.php(38): CodeIgniter\Config\BaseService::__callStatic('session', Array)
#11 D:\xampp8.00\htdocs\standard_timehrm_fresh\system\CodeIgniter.php(901): App\Controllers\BaseController->initController(Object(CodeIgniter\HTTP\IncomingRequest), Object(CodeIgniter\HTTP\Response), Object(CodeIgniter\Log\Logger))
#12 D:\xampp8.00\htdocs\standard_timehrm_fresh\system\CodeIgniter.php(426): CodeIgniter\CodeIgniter->createController()
#13 D:\xampp8.00\htdocs\standard_timehrm_fresh\system\CodeIgniter.php(336): CodeIgniter\CodeIgniter->handleRequest(NULL, Object(Config\Cache), false)
#14 D:\xampp8.00\htdocs\standard_timehrm_fresh\index.php(45): CodeIgniter\CodeIgniter->run()
#15 {main}
CRITICAL - 2021-08-03 13:24:44 --> filesize(): stat failed for D:\xampp8.00\htdocs\standard_timehrm_fresh\writable\session/ci_sessiond43tcm8ccov494mu0po9vhfnkb6ftvnk
#0 [internal function]: CodeIgniter\Debug\Exceptions->errorHandler(2, 'filesize(): sta...', 'D:\\xampp8.00\\ht...', 190)
#1 D:\xampp8.00\htdocs\standard_timehrm_fresh\system\Session\Handlers\FileHandler.php(190): filesize('D:\\xampp8.00\\ht...')
#2 [internal function]: CodeIgniter\Session\Handlers\FileHandler->read('d43tcm8ccov494m...')
#3 D:\xampp8.00\htdocs\standard_timehrm_fresh\system\Session\Session.php(1001): session_start()
#4 D:\xampp8.00\htdocs\standard_timehrm_fresh\system\Session\Session.php(249): CodeIgniter\Session\Session->startSession()
#5 D:\xampp8.00\htdocs\standard_timehrm_fresh\system\Config\Services.php(736): CodeIgniter\Session\Session->start()
#6 D:\xampp8.00\htdocs\standard_timehrm_fresh\system\Config\BaseService.php(263): CodeIgniter\Config\Services::session(Object(Config\App), false)
#7 D:\xampp8.00\htdocs\standard_timehrm_fresh\system\Config\BaseService.php(192): CodeIgniter\Config\BaseService::__callStatic('session', Array)
#8 D:\xampp8.00\htdocs\standard_timehrm_fresh\system\Config\Services.php(721): CodeIgniter\Config\BaseService::getSharedInstance('session', NULL)
#9 D:\xampp8.00\htdocs\standard_timehrm_fresh\system\Config\BaseService.php(263): CodeIgniter\Config\Services::session()
#10 D:\xampp8.00\htdocs\standard_timehrm_fresh\app\Controllers\BaseController.php(38): CodeIgniter\Config\BaseService::__callStatic('session', Array)
#11 D:\xampp8.00\htdocs\standard_timehrm_fresh\system\CodeIgniter.php(901): App\Controllers\BaseController->initController(Object(CodeIgniter\HTTP\IncomingRequest), Object(CodeIgniter\HTTP\Response), Object(CodeIgniter\Log\Logger))
#12 D:\xampp8.00\htdocs\standard_timehrm_fresh\system\CodeIgniter.php(426): CodeIgniter\CodeIgniter->createController()
#13 D:\xampp8.00\htdocs\standard_timehrm_fresh\system\CodeIgniter.php(336): CodeIgniter\CodeIgniter->handleRequest(NULL, Object(Config\Cache), false)
#14 D:\xampp8.00\htdocs\standard_timehrm_fresh\index.php(45): CodeIgniter\CodeIgniter->run()
#15 {main}
CRITICAL - 2021-08-03 14:24:57 --> Trying to access array offset on value of type null
#0 D:\xampp8.00\htdocs\standard_timehrm_fresh\app\Controllers\Erp\Tasks.php(1227): CodeIgniter\Debug\Exceptions->errorHandler(2, 'Trying to acces...', 'D:\\xampp8.00\\ht...', 1227)
#1 D:\xampp8.00\htdocs\standard_timehrm_fresh\system\CodeIgniter.php(928): App\Controllers\Erp\Tasks->client_task_status_chart()
#2 D:\xampp8.00\htdocs\standard_timehrm_fresh\system\CodeIgniter.php(436): CodeIgniter\CodeIgniter->runController(Object(App\Controllers\Erp\Tasks))
#3 D:\xampp8.00\htdocs\standard_timehrm_fresh\system\CodeIgniter.php(336): CodeIgniter\CodeIgniter->handleRequest(NULL, Object(Config\Cache), false)
#4 D:\xampp8.00\htdocs\standard_timehrm_fresh\index.php(45): CodeIgniter\CodeIgniter->run()
#5 {main}
CRITICAL - 2021-08-03 14:27:47 --> Trying to access array offset on value of type null
#0 D:\xampp8.00\htdocs\standard_timehrm_fresh\app\Controllers\Erp\Tasks.php(1227): CodeIgniter\Debug\Exceptions->errorHandler(2, 'Trying to acces...', 'D:\\xampp8.00\\ht...', 1227)
#1 D:\xampp8.00\htdocs\standard_timehrm_fresh\system\CodeIgniter.php(928): App\Controllers\Erp\Tasks->client_task_status_chart()
#2 D:\xampp8.00\htdocs\standard_timehrm_fresh\system\CodeIgniter.php(436): CodeIgniter\CodeIgniter->runController(Object(App\Controllers\Erp\Tasks))
#3 D:\xampp8.00\htdocs\standard_timehrm_fresh\system\CodeIgniter.php(336): CodeIgniter\CodeIgniter->handleRequest(NULL, Object(Config\Cache), false)
#4 D:\xampp8.00\htdocs\standard_timehrm_fresh\index.php(45): CodeIgniter\CodeIgniter->run()
#5 {main}
